#
# There is insufficient memory for the Java Runtime Environment to continue.
# Native memory allocation (mmap) failed to map 134217728 bytes for G1 virtual space
# Possible reasons:
#   The system is out of physical RAM or swap space
#   The process is running with CompressedOops enabled, and the Java Heap may be blocking the growth of the native heap
# Possible solutions:
#   Reduce memory load on the system
#   Increase physical memory or swap space
#   Check if swap backing store is full
#   Decrease Java heap size (-Xmx/-Xms)
#   Decrease number of Java threads
#   Decrease Java thread stack sizes (-Xss)
#   Set larger code cache with -XX:ReservedCodeCacheSize=
#   JVM is running with Unscaled Compressed Oops mode in which the Java heap is
#     placed in the first 4GB address space. The Java Heap base address is the
#     maximum limit for the native heap growth. Please use -XX:HeapBaseMinAddress
#     to set the Java Heap base and to place the Java Heap above 4GB virtual address.
# This output file may be truncated or incomplete.
#
#  Out of Memory Error (os_windows.cpp:3527), pid=22292, tid=26060
#
# JRE version:  (19.0.1+10) (build )
# Java VM: Java HotSpot(TM) 64-Bit Server VM (19.0.1+10-21, mixed mode, sharing, tiered, compressed oops, compressed class ptrs, g1 gc, windows-amd64)
# No core dump will be written. Minidumps are not enabled by default on client versions of Windows
#

---------------  S U M M A R Y ------------

Command Line: -javaagent:C:\Program Files\JetBrains\IntelliJ IDEA Community Edition 2022.3.1\lib\idea_rt.jar=62232:C:\Program Files\JetBrains\IntelliJ IDEA Community Edition 2022.3.1\bin -Dfile.encoding=UTF-8 -Dsun.stdout.encoding=UTF-8 -Dsun.stderr.encoding=UTF-8 Week4.Day2.Sum

Host: Intel(R) Core(TM) i5-9300H CPU @ 2.40GHz, 8 cores, 7G,  Windows 11 , 64 bit Build 22621 (10.0.22621.1635)
Time: Wed Jun 21 10:03:35 2023 Central Daylight Time elapsed time: 0.012790 seconds (0d 0h 0m 0s)

---------------  T H R E A D  ---------------

Current thread (0x000001d8677cc360):  JavaThread "Unknown thread" [_thread_in_vm, id=26060, stack(0x00000017b3400000,0x00000017b3500000)]

Stack: [0x00000017b3400000,0x00000017b3500000]
Native frames: (J=compiled Java code, j=interpreted, Vv=VM code, C=native code)
V  [jvm.dll+0x6ee8fa]
V  [jvm.dll+0x857a1e]
V  [jvm.dll+0x85940e]
V  [jvm.dll+0x859ac3]
V  [jvm.dll+0x28291f]
V  [jvm.dll+0x6eb6e9]
V  [jvm.dll+0x6e028a]
V  [jvm.dll+0x357136]
V  [jvm.dll+0x35eb96]
V  [jvm.dll+0x3b555e]
V  [jvm.dll+0x3b578f]
V  [jvm.dll+0x32c6ea]
V  [jvm.dll+0x32d59e]
V  [jvm.dll+0x821b20]
V  [jvm.dll+0x3c27c1]
V  [jvm.dll+0x8022f1]
V  [jvm.dll+0x44b30f]
V  [jvm.dll+0x44cc91]
C  [jli.dll+0x5287]
C  [ucrtbase.dll+0x29363]
C  [KERNEL32.DLL+0x126ad]
C  [ntdll.dll+0x5a9f8]


---------------  P R O C E S S  ---------------

Threads class SMR info:
_java_thread_list=0x00007ff885d3d048, length=0, elements={
}

Java Threads: ( => current thread )

Other Threads:
  0x000001d86782d590 WorkerThread "GC Thread#0" [stack: 0x00000017b3500000,0x00000017b3600000] [id=28452]
  0x000001d86783e4c0 ConcurrentGCThread "G1 Main Marker" [stack: 0x00000017b3600000,0x00000017b3700000] [id=17300]
  0x000001d86783f5a0 WorkerThread "G1 Conc#0" [stack: 0x00000017b3700000,0x00000017b3800000] [id=19488]

[error occurred during error reporting (printing all threads), id 0xc0000005, EXCEPTION_ACCESS_VIOLATION (0xc0000005) at pc=0x00007ff8854fd127]

VM state: not at safepoint (not fully initialized)

VM Mutex/Monitor currently owned by a thread:  ([mutex/lock_event])
[0x000001d8677c76f0] Heap_lock - owner thread: 0x000001d8677cc360

Heap address: 0x0000000081200000, size: 2030 MB, Compressed Oops mode: 32-bit

CDS archive(s) mapped at: [0x0000000000000000-0x0000000000000000-0x0000000000000000), size 0, SharedBaseAddress: 0x0000000800000000, ArchiveRelocationMode: 0.
Narrow klass base: 0x0000000000000000, Narrow klass shift: 0, Narrow klass range: 0x0

GC Precious Log:
 CardTable entry size: 512
 Card Set container configuration: InlinePtr #cards 5 size 8 Array Of Cards #cards 12 size 40 Howl #buckets 4 coarsen threshold 1843 Howl Bitmap #cards 512 size 80 coarsen threshold 460 Card regions per heap region 1 cards per card region 2048

Heap:
 garbage-first heap   total 0K, used 0K [0x0000000081200000, 0x0000000100000000)
  region size 1024K, 0 young (0K), 0 survivors (0K)

[error occurred during error reporting (printing heap information), id 0xc0000005, EXCEPTION_ACCESS_VIOLATION (0xc0000005) at pc=0x00007ff885906959]

GC Heap History (0 events):
No events

Dll operation events (1 events):
Event: 0.009 Loaded shared library C:\Program Files\Java\jdk-19\bin\java.dll

Deoptimization events (0 events):
No events

Classes loaded (0 events):
No events

Classes unloaded (0 events):
No events

Classes redefined (0 events):
No events

Internal exceptions (0 events):
No events

VM Operations (0 events):
No events

Events (0 events):
No events


Dynamic libraries:
0x00007ff7f2f20000 - 0x00007ff7f2f30000 	C:\Program Files\Java\jdk-19\bin\java.exe
0x00007ff8a8af0000 - 0x00007ff8a8d04000 	C:\WINDOWS\SYSTEM32\ntdll.dll
0x00007ff8a6fa0000 - 0x00007ff8a7062000 	C:\WINDOWS\System32\KERNEL32.DLL
0x00007ff8a5f10000 - 0x00007ff8a62b3000 	C:\WINDOWS\System32\KERNELBASE.dll
0x00007ff8a62f0000 - 0x00007ff8a6401000 	C:\WINDOWS\System32\ucrtbase.dll
0x00007ff8a0220000 - 0x00007ff8a0238000 	C:\Program Files\Java\jdk-19\bin\jli.dll
0x00007ff8a0b50000 - 0x00007ff8a0b6b000 	C:\Program Files\Java\jdk-19\bin\VCRUNTIME140.dll
0x00007ff8a7070000 - 0x00007ff8a711e000 	C:\WINDOWS\System32\ADVAPI32.dll
0x00007ff8a74c0000 - 0x00007ff8a7567000 	C:\WINDOWS\System32\msvcrt.dll
0x00007ff8a7ff0000 - 0x00007ff8a8094000 	C:\WINDOWS\System32\sechost.dll
0x00007ff8a8990000 - 0x00007ff8a8aa7000 	C:\WINDOWS\System32\RPCRT4.dll
0x00007ff8a8260000 - 0x00007ff8a840b000 	C:\WINDOWS\System32\USER32.dll
0x00007ff8a62c0000 - 0x00007ff8a62e6000 	C:\WINDOWS\System32\win32u.dll
0x00007ff8879e0000 - 0x00007ff887c6e000 	C:\WINDOWS\WinSxS\amd64_microsoft.windows.common-controls_6595b64144ccf1df_6.0.22621.1635_none_270f70857386168e\COMCTL32.dll
0x00007ff8a6ad0000 - 0x00007ff8a6af9000 	C:\WINDOWS\System32\GDI32.dll
0x00007ff8a65a0000 - 0x00007ff8a66b8000 	C:\WINDOWS\System32\gdi32full.dll
0x00007ff8a6500000 - 0x00007ff8a659a000 	C:\WINDOWS\System32\msvcp_win.dll
0x00007ff89cb10000 - 0x00007ff89cb1a000 	C:\WINDOWS\SYSTEM32\VERSION.dll
0x00007ff8a6f00000 - 0x00007ff8a6f31000 	C:\WINDOWS\System32\IMM32.DLL
0x00007ff8a0b30000 - 0x00007ff8a0b3c000 	C:\Program Files\Java\jdk-19\bin\vcruntime140_1.dll
0x00007ff899f30000 - 0x00007ff899fbe000 	C:\Program Files\Java\jdk-19\bin\msvcp140.dll
0x00007ff8851c0000 - 0x00007ff885e80000 	C:\Program Files\Java\jdk-19\bin\server\jvm.dll
0x00007ff8893a0000 - 0x00007ff8893a9000 	C:\WINDOWS\SYSTEM32\WSOCK32.dll
0x00007ff89dda0000 - 0x00007ff89ddd4000 	C:\WINDOWS\SYSTEM32\WINMM.dll
0x00007ff8a6c00000 - 0x00007ff8a6c71000 	C:\WINDOWS\System32\WS2_32.dll
0x00007ff8a5010000 - 0x00007ff8a5028000 	C:\WINDOWS\SYSTEM32\kernel.appcore.dll
0x00007ff8828d0000 - 0x00007ff8828da000 	C:\Program Files\Java\jdk-19\bin\jimage.dll
0x00007ff8a3860000 - 0x00007ff8a3a8e000 	C:\WINDOWS\SYSTEM32\DBGHELP.DLL
0x00007ff8a7120000 - 0x00007ff8a74a9000 	C:\WINDOWS\System32\combase.dll
0x00007ff8a68f0000 - 0x00007ff8a69c7000 	C:\WINDOWS\System32\OLEAUT32.dll
0x00007ff88c0a0000 - 0x00007ff88c0d2000 	C:\WINDOWS\SYSTEM32\dbgcore.DLL
0x00007ff8a6410000 - 0x00007ff8a648b000 	C:\WINDOWS\System32\bcryptPrimitives.dll
0x00007ff89f320000 - 0x00007ff89f32e000 	C:\Program Files\Java\jdk-19\bin\instrument.dll
0x00007ff881fc0000 - 0x00007ff881fe6000 	C:\Program Files\Java\jdk-19\bin\java.dll

dbghelp: loaded successfully - version: 4.0.5 - missing functions: none
symbol engine: initialized successfully - sym options: 0x614 - pdb path: .;C:\Program Files\Java\jdk-19\bin;C:\WINDOWS\SYSTEM32;C:\WINDOWS\WinSxS\amd64_microsoft.windows.common-controls_6595b64144ccf1df_6.0.22621.1635_none_270f70857386168e;C:\Program Files\Java\jdk-19\bin\server

VM Arguments:
jvm_args: -javaagent:C:\Program Files\JetBrains\IntelliJ IDEA Community Edition 2022.3.1\lib\idea_rt.jar=62232:C:\Program Files\JetBrains\IntelliJ IDEA Community Edition 2022.3.1\bin -Dfile.encoding=UTF-8 -Dsun.stdout.encoding=UTF-8 -Dsun.stderr.encoding=UTF-8 
java_command: Week4.Day2.Sum
java_class_path (initial): C:\Users\saina\OneDrive\Desktop\Java_Training-new_test\Java_Training-new_test\out\production\Demo_Project
Launcher Type: SUN_STANDARD

[Global flags]
     intx CICompilerCount                          = 4                                         {product} {ergonomic}
     uint ConcGCThreads                            = 2                                         {product} {ergonomic}
     uint G1ConcRefinementThreads                  = 8                                         {product} {ergonomic}
   size_t G1HeapRegionSize                         = 1048576                                   {product} {ergonomic}
    uintx GCDrainStackTargetSize                   = 64                                        {product} {ergonomic}
   size_t InitialHeapSize                          = 134217728                                 {product} {ergonomic}
   size_t MarkStackSize                            = 4194304                                   {product} {ergonomic}
   size_t MaxHeapSize                              = 2128609280                                {product} {ergonomic}
   size_t MinHeapDeltaBytes                        = 1048576                                   {product} {ergonomic}
   size_t MinHeapSize                              = 8388608                                   {product} {ergonomic}
    uintx NonNMethodCodeHeapSize                   = 5839372                                {pd product} {ergonomic}
    uintx NonProfiledCodeHeapSize                  = 122909434                              {pd product} {ergonomic}
    uintx ProfiledCodeHeapSize                     = 122909434                              {pd product} {ergonomic}
    uintx ReservedCodeCacheSize                    = 251658240                              {pd product} {ergonomic}
     bool SegmentedCodeCache                       = true                                      {product} {ergonomic}
   size_t SoftMaxHeapSize                          = 2128609280                             {manageable} {ergonomic}
     bool UseCompressedClassPointers               = true                           {product lp64_product} {ergonomic}
     bool UseCompressedOops                        = true                           {product lp64_product} {ergonomic}
     bool UseG1GC                                  = true                                      {product} {ergonomic}
     bool UseLargePagesIndividualAllocation        = false                                  {pd product} {ergonomic}

Logging:
Log output configuration:
 #0: stdout all=warning uptime,level,tags foldmultilines=false
 #1: stderr all=off uptime,level,tags foldmultilines=false

Environment Variables:
PATH=C:\Program Files\Common Files\Oracle\Java\javapath;C:\Windows\system32;C:\Windows;C:\Windows\System32\Wbem;C:\Windows\System32\WindowsPowerShell\v1.0\;C:\Windows\System32\OpenSSH\;C:\Program Files (x86)\NVIDIA Corporation\PhysX\Common;C:\Program Files\NVIDIA Corporation\NVIDIA NvDLISR;C:\WINDOWS\system32;C:\WINDOWS;C:\WINDOWS\System32\Wbem;C:\WINDOWS\System32\WindowsPowerShell\v1.0\;C:\WINDOWS\System32\OpenSSH\;C:\Program Files\nodejs\;C:\Program Files\Git\cmd;C:\Program Files\Amazon\AWSCLIV2\;C:\Program Files\Docker\Docker\resources\bin;C:\Program Files\PuTTY\;C:\Program Files\Microsoft SQL Server\150\Tools\Binn\;C:\Program Files\Microsoft SQL Server\Client SDK\ODBC\170\Tools\Binn\;C:\Program Files\dotnet\;C:\Users\saina\anaconda3;C:\Users\saina\anaconda3\Library\mingw-w64\bin;C:\Users\saina\anaconda3\Library\usr\bin;C:\Users\saina\anaconda3\Library\bin;C:\Users\saina\anaconda3\Scripts;C:\Program Files\MySQL\MySQL Shell 8.0\bin\;C:\Users\saina\AppData\Local\Programs\Python\Python311\Scripts\;C:\Users\saina\AppData\Local\Programs\Python\Python311\;C:\Users\saina\AppData\Local\Microsoft\WindowsApps;D:\Microsoft VS Code\bin;C:\Program Files\JetBrains\IntelliJ IDEA Community Edition 2022.3.1\bin;C:\Users\saina\AppData\Roaming\npm;C:\Users\saina\AppData\Local\gitkraken\bin;C:\Users\saina\.dotnet\tools
USERNAME=saina
OS=Windows_NT
PROCESSOR_IDENTIFIER=Intel64 Family 6 Model 158 Stepping 10, GenuineIntel
TMP=C:\Users\saina\AppData\Local\Temp
TEMP=C:\Users\saina\AppData\Local\Temp



---------------  S Y S T E M  ---------------

OS:
 Windows 11 , 64 bit Build 22621 (10.0.22621.1635)
OS uptime: 7 days 0:40 hours
Hyper-V role detected

CPU: total 8 (initial active 8) (4 cores per cpu, 2 threads per core) family 6 model 158 stepping 10 microcode 0xde, cx8, cmov, fxsr, ht, mmx, 3dnowpref, sse, sse2, sse3, ssse3, sse4.1, sse4.2, popcnt, lzcnt, tsc, tscinvbit, avx, avx2, aes, erms, clmul, bmi1, bmi2, adx, fma, vzeroupper, clflush, clflushopt, hv, rdtscp

Memory: 4k page, system-wide physical 8112M (522M free)
TotalPageFile size 32688M (AvailPageFile size 107M)
current process WorkingSet (physical memory assigned to process): 11M, peak: 11M
current process commit charge ("private bytes"): 60M, peak: 188M

vm_info: Java HotSpot(TM) 64-Bit Server VM (19.0.1+10-21) for windows-amd64 JRE (19.0.1+10-21), built on 2022-09-14T12:45:06Z by "mach5one" with MS VC++ 17.1 (VS2022)

END.
